<?xml version="1.0" encoding="UTF-8"?>
<testsuite xmlns:xsi="http://www.w3.org/2001/XMLSchema-instance" xsi:noNamespaceSchemaLocation="https://maven.apache.org/surefire/maven-surefire-plugin/xsd/surefire-test-report-3.0.xsd" version="3.0" name="TestSuite" time="249.387" tests="8" errors="0" skipped="0" failures="0">
  <properties>
[...]
</properties>
  <testcase name="stub" classname="com.zensar.runner.InitializeExecution" time="0.001">
    <system-out><![CDATA[=============================Execution Start====================================
]]></system-out>
  </testcase>
  <testcase name="stub" classname="com.zensar.runner.InitializeExecution" time="0.0">
    <system-out><![CDATA[=============================Execution Start====================================	 >>>>>> (InitializeExecution.java:32)	17:10:10
]]></system-out>
  </testcase>
  <testcase name="stub" classname="com.zensar.runner.ConcludeExecution" time="0.0"/>
  <testcase name="stub" classname="com.zensar.runner.ConcludeExecution" time="0.0">
    <system-out><![CDATA[Feature: ActiveTransactionScopeBuilder

  Scenario Outline: Verify user able add common packed service to the bundle  #<DataSetName> # src/main/java/com/zensar/features/ActiveTransactionScopeBuilder.feature:6
    When user logs in to ISG
    Then Verify for Active Transaction
    Then User clicks on first Active Transaction
    Then User clicks on Go to scope builder
    Then User selects commonly packed service
    And User Clicks on Items in Scope Basket & Save Basket

    Examples: 

  Background:                                          # src/main/java/com/zensar/features/ActiveTransactionScopeBuilder.feature:3
    Given User navigates to ISG Landing Page and Login # SetupProjectStepDefinitions.user_navigates_to_Isg_Landing_Page()

  Scenario Outline: Verify user able add common packed service to the bundle  #ScopeBuilder # src/main/java/com/zensar/features/ActiveTransactionScopeBuilder.feature:16
    When user logs in to ISG                                                                # SetupProjectStepDefinitions.user_clicks_on_submit_another_item()
[INFO]	[Assertion Pass]	Number of Active Transaction =  Active transactions (2)
    Then Verify for Active Transaction                                                      # ActiveTransactionProjectContactStepDefinitions.verify_for_Active_Notifications()
    Then User clicks on first Active Transaction                                            # ActiveTransactionProjectContactStepDefinitions.User_clicks_first_Active_Transaction()
    Then User clicks on Go to scope builder                                                 # ActiveTransactionScopeBuilderStepDefinitions.user_clicks_on_Go_to_scope_builder()
    Then User selects commonly packed service                                               # ActiveTransactionScopeBuilderStepDefinitions.user_selects_commonly_packed_service()
    And User Clicks on Items in Scope Basket & Save Basket                                  # ActiveTransactionScopeBuilderStepDefinitions.user_Clicks_on_Items_in_Scope_Basket_Save_Basket()

  Scenario Outline: Verify user able add FA to the Scope Bundle  #<DataSetName> # src/main/java/com/zensar/features/ActiveTransactionScopeBuilder.feature:18
    When user logs in to ISG
    Then Verify for Active Transaction
    Then User clicks on first Active Transaction
    Then User clicks on Go to scope builder
    Then User selects FA from section
    And User Clicks on Items in Scope Basket & Save Basket

    Examples: 

  Background:                                          # src/main/java/com/zensar/features/ActiveTransactionScopeBuilder.feature:3
    Given User navigates to ISG Landing Page and Login # SetupProjectStepDefinitions.user_navigates_to_Isg_Landing_Page()

  Scenario Outline: Verify user able add FA to the Scope Bundle  #ScopeBuilder # src/main/java/com/zensar/features/ActiveTransactionScopeBuilder.feature:28
    When user logs in to ISG                                                   # SetupProjectStepDefinitions.user_clicks_on_submit_another_item()
[INFO]	[Assertion Pass]	Number of Active Transaction =  Active transactions (2)
    Then Verify for Active Transaction                                         # ActiveTransactionProjectContactStepDefinitions.verify_for_Active_Notifications()
    Then User clicks on first Active Transaction                               # ActiveTransactionProjectContactStepDefinitions.User_clicks_first_Active_Transaction()
    Then User clicks on Go to scope builder                                    # ActiveTransactionScopeBuilderStepDefinitions.user_clicks_on_Go_to_scope_builder()
    Then User selects FA from section                                          # ActiveTransactionScopeBuilderStepDefinitions.user_selects_FA_from_section()
    And User Clicks on Items in Scope Basket & Save Basket                     # ActiveTransactionScopeBuilderStepDefinitions.user_Clicks_on_Items_in_Scope_Basket_Save_Basket()

  Scenario Outline: Verify user able remove one services from selected FA to the Scope Bundle  #<DataSetName> # src/main/java/com/zensar/features/ActiveTransactionScopeBuilder.feature:30
    When user logs in to ISG
    Then Verify for Active Transaction
    Then User clicks on first Active Transaction
    Then User clicks on Go to scope builder
    Then User deselects FA from section
    And User Clicks on Items in Scope Basket & Save Basket

    Examples: 

  Background:                                          # src/main/java/com/zensar/features/ActiveTransactionScopeBuilder.feature:3
    Given User navigates to ISG Landing Page and Login # SetupProjectStepDefinitions.user_navigates_to_Isg_Landing_Page()

  Scenario Outline: Verify user able remove one services from selected FA to the Scope Bundle  #ScopeBuilder # src/main/java/com/zensar/features/ActiveTransactionScopeBuilder.feature:40
    When user logs in to ISG                                                                                 # SetupProjectStepDefinitions.user_clicks_on_submit_another_item()
[INFO]	[Assertion Pass]	Number of Active Transaction =  Active transactions (2)
    Then Verify for Active Transaction                                                                       # ActiveTransactionProjectContactStepDefinitions.verify_for_Active_Notifications()
    Then User clicks on first Active Transaction                                                             # ActiveTransactionProjectContactStepDefinitions.User_clicks_first_Active_Transaction()
    Then User clicks on Go to scope builder                                                                  # ActiveTransactionScopeBuilderStepDefinitions.user_clicks_on_Go_to_scope_builder()
    Then User deselects FA from section                                                                      # ActiveTransactionScopeBuilderStepDefinitions.user_deselects_FA_from_section()
    And User Clicks on Items in Scope Basket & Save Basket                                                   # ActiveTransactionScopeBuilderStepDefinitions.user_Clicks_on_Items_in_Scope_Basket_Save_Basket()

  Scenario Outline: Verify user able remove one Process from selected FA to the Scope Bundle  #<DataSetName> # src/main/java/com/zensar/features/ActiveTransactionScopeBuilder.feature:42
    When user logs in to ISG
    Then Verify for Active Transaction
    Then User clicks on first Active Transaction
    Then User clicks on Go to scope builder
    Then User deselects one Process from section
    And User Clicks on Items in Scope Basket & Save Basket

    Examples: 

  Background:                                          # src/main/java/com/zensar/features/ActiveTransactionScopeBuilder.feature:3
    Given User navigates to ISG Landing Page and Login # SetupProjectStepDefinitions.user_navigates_to_Isg_Landing_Page()

  Scenario Outline: Verify user able remove one Process from selected FA to the Scope Bundle  #ScopeBuilder # src/main/java/com/zensar/features/ActiveTransactionScopeBuilder.feature:52
    When user logs in to ISG                                                                                # SetupProjectStepDefinitions.user_clicks_on_submit_another_item()
[INFO]	[Assertion Pass]	Number of Active Transaction =  Active transactions (2)
    Then Verify for Active Transaction                                                                      # ActiveTransactionProjectContactStepDefinitions.verify_for_Active_Notifications()
    Then User clicks on first Active Transaction                                                            # ActiveTransactionProjectContactStepDefinitions.User_clicks_first_Active_Transaction()
    Then User clicks on Go to scope builder                                                                 # ActiveTransactionScopeBuilderStepDefinitions.user_clicks_on_Go_to_scope_builder()
    Then User deselects one Process from section                                                            # ActiveTransactionScopeBuilderStepDefinitions.user_deselects_one_Process_from_section()
    And User Clicks on Items in Scope Basket & Save Basket                                                  # ActiveTransactionScopeBuilderStepDefinitions.user_Clicks_on_Items_in_Scope_Basket_Save_Basket()

4 Scenarios (4 passed)	 >>>>>> (Stats.java:129)	17:14:17
28 Steps (28 passed)	 >>>>>> (Stats.java:122)	17:14:17
4m6.486s	 >>>>>> (Stats.java:157)	17:14:17

Suite Complete - ActiveTransactionScopeBuilder	 >>>>>> (ActiveTransactionScopeBuilder.java:77)	17:14:17
]]></system-out>
  </testcase>
  <testcase name="feature[com.zensar.scriptutils.PickleWrapper@6cdaf226](1)" classname="com.zensar.runner.ActiveTransactionScopeBuilder" time="59.431">
    <system-out><![CDATA[[QUERY] select * from RunnerProperties -- 	 >>>>>> (ExcelConnectionManager.java:113)	17:10:10


0 Scenarios	 >>>>>> (Stats.java:109)	17:10:10
0 Scenarios	 >>>>>> (Stats.java:109)	17:10:10
0 Steps	 >>>>>> (Stats.java:110)	17:10:10
0 Steps	 >>>>>> (Stats.java:110)	17:10:10
0m0m0.294s	 >>>>>> (Stats.java:157)	17:10:10

0.293s	 >>>>>> (Stats.java:157)	17:10:10

Suite Complete - SetupProject	 >>>>>> (SetupProject.java:77)	17:10:10
Suite Complete - Debugger	 >>>>>> (Debugger.java:77)	17:10:10

0 Scenarios	 >>>>>> (Stats.java:109)	17:10:10
0 Steps	 >>>>>> (Stats.java:110)	17:10:10
0m0.005s	 >>>>>> (Stats.java:157)	17:10:10

Suite Complete - TestRunner1	 >>>>>> (TestRunner1.java:77)	17:10:10

0 Scenarios	 >>>>>> (Stats.java:109)	17:10:10
0 Steps	 >>>>>> (Stats.java:110)	17:10:10
0m0.004s	 >>>>>> (Stats.java:157)	17:10:10

Suite Complete - TestRunner2	 >>>>>> (TestRunner2.java:77)	17:10:10

0 Scenarios	 >>>>>> (Stats.java:109)	17:10:10
0 Steps	 >>>>>> (Stats.java:110)	17:10:10
0m0.003s	 >>>>>> (Stats.java:157)	17:10:10

Suite Complete - TestRunner3	 >>>>>> (TestRunner3.java:77)	17:10:10

0 Scenarios	 >>>>>> (Stats.java:109)	17:10:10
0 Steps	 >>>>>> (Stats.java:110)	17:10:10
0m0.012s	 >>>>>> (Stats.java:157)	17:10:11

Suite Complete - ActiveTransactionProjectContact	 >>>>>> (ActiveTransactionProjectContact.java:77)	17:10:11

0 Scenarios	 >>>>>> (Stats.java:109)	17:10:11
0 Steps	 >>>>>> (Stats.java:110)	17:10:11
0m0.029s	 >>>>>> (Stats.java:157)	17:10:11

Suite Complete - ActiveTransaction	 >>>>>> (ActiveTransaction.java:77)	17:10:11

0 Scenarios	 >>>>>> (Stats.java:109)	17:10:11
0 Steps	 >>>>>> (Stats.java:110)	17:10:11
0m0.026s	 >>>>>> (Stats.java:157)	17:10:11

Suite Complete - ActiveTransactionProviderList	 >>>>>> (ActiveTransactionProviderList.java:77)	17:10:11
[INFO]	 Attempt 1 of 1 to execute 	 >>>>>> (ActiveTransactionScopeBuilder.java:35)	17:10:11
Feature :	ActiveTransactionScopeBuilder	 >>>>>> (ActiveTransactionScopeBuilder.java:60)	17:10:11
Scenario :	Verify user able add common packed service to the bundle	 >>>>>> (ActiveTransactionScopeBuilder.java:61)	17:10:11
DataSetName :	ScopeBuilder
	 >>>>>> (ActiveTransactionScopeBuilder.java:62)	17:10:11

0 Scenarios	 >>>>>> (Stats.java:109)	17:10:11
0 Steps	 >>>>>> (Stats.java:110)	17:10:11
0m0.047s	 >>>>>> (Stats.java:157)	17:10:11

Suite Complete - CloseTransaction	 >>>>>> (CloseTransaction.java:77)	17:10:11

0 Scenarios	 >>>>>> (Stats.java:109)	17:10:11
0 Steps	 >>>>>> (Stats.java:110)	17:10:11
0m0.003s	 >>>>>> (Stats.java:157)	17:10:11

Suite Complete - Sanity	 >>>>>> (Sanity.java:77)	17:10:11

0 Scenarios	 >>>>>> (Stats.java:109)	17:10:11
0 Steps	 >>>>>> (Stats.java:110)	17:10:11
0m0.002s	 >>>>>> (Stats.java:157)	17:10:11

Suite Complete - Regression	 >>>>>> (Regression.java:77)	17:10:11

0 Scenarios	 >>>>>> (Stats.java:109)	17:10:11
0 Steps	 >>>>>> (Stats.java:110)	17:10:11
0m0.010s	 >>>>>> (Stats.java:157)	17:10:11

Suite Complete - ProjectContact	 >>>>>> (ProjectContact.java:77)	17:10:11
SCENARIO STATE Init	 >>>>>> (Hooks.java:24)	17:10:11
Reports Directory Path  
C:\Users\vs106039\Desktop\qa_automation_isgngs_com\Reports\ISG-NGS_2024-03-18_05-10-10	 >>>>>> (ConcludeExecution.java:105)	17:10:12
Reports Path  
C:\Users\vs106039\Desktop\qa_automation_isgngs_com\Reports\ISG-NGS_2024-03-18_05-10-10/cucumber-html-reports/overview-features.html
	 >>>>>> (ConcludeExecution.java:106)	17:10:12
============================Execution Complete==============================	 >>>>>> (ConcludeExecution.java:74)	17:10:12
Thread Local getDrive()	 >>>>>> (DriverHandler.java:87)	17:10:14
3 columns(s) affected	 >>>>>> (Connection.java:93)	17:10:15
1 row(s) affected	 >>>>>> (Connection.java:73)	17:10:15
1 row(s) affected	 >>>>>> (Connection.java:73)	17:10:15
1 row(s) affected	 >>>>>> (Connection.java:73)	17:10:15
BROWSER STACK SESSION : 	 >>>>>> (OutputSheetLogger.java:174)	17:10:15
Thread Local getDrive()	 >>>>>> (DriverHandler.java:87)	17:10:15
f6f22c358707eb9cca90b36a553ca613	 >>>>>> (OutputSheetLogger.java:175)	17:10:15
Entered try in open	 >>>>>> (IsgLandingPage.java:145)	17:10:15
No input file path found. Using default	 >>>>>> (StringLiterals.java:64)	17:10:15
embedScreenshot	 >>>>>> (GlobalFunction.java:74)	17:10:19
highlightElement	 >>>>>> (GlobalFunction.java:74)	17:10:19
Thread Local getDrive()	 >>>>>> (DriverHandler.java:87)	17:10:19
unHighlightElement	 >>>>>> (GlobalFunction.java:74)	17:10:19
forceClick	 >>>>>> (GlobalFunction.java:74)	17:10:19
Clicked Login	 >>>>>> (IsgLandingPage.java:179)	17:10:20
username : NGS3@isg-one.com	 >>>>>> (IsgLandingPage.java:181)	17:10:23
password : T|2txZ>UJs	 >>>>>> (IsgLandingPage.java:183)	17:10:23
embedScreenshot	 >>>>>> (GlobalFunction.java:74)	17:10:23
highlightElement	 >>>>>> (GlobalFunction.java:74)	17:10:23
Thread Local getDrive()	 >>>>>> (DriverHandler.java:87)	17:10:24
unHighlightElement	 >>>>>> (GlobalFunction.java:74)	17:10:24
click	 >>>>>> (GlobalFunction.java:74)	17:10:24
isPresent	 >>>>>> (GlobalFunction.java:74)	17:10:24
Thread Local getDrive()	 >>>>>> (DriverHandler.java:87)	17:10:24
Thread Local getDrive()	 >>>>>> (DriverHandler.java:87)	17:10:24
Thread Local getDrive()	 >>>>>> (DriverHandler.java:87)	17:10:24
isPresent	 >>>>>> (GlobalFunction.java:74)	17:10:24
waitForElementClickabality	 >>>>>> (GlobalFunction.java:74)	17:10:25
getText	 >>>>>> (GlobalFunction.java:74)	17:10:40
Number of Active Transaction: Active transactions (2)	 >>>>>> (ProjectContact.java:118)	17:10:40
embedScreenshot	 >>>>>> (GlobalFunction.java:74)	17:10:40
Thread Local getDrive()	 >>>>>> (DriverHandler.java:87)	17:10:40
zAssertTrue	 >>>>>> (GlobalFunction.java:74)	17:10:40
waitForElement	 >>>>>> (GlobalFunction.java:74)	17:10:40
isPresent	 >>>>>> (GlobalFunction.java:74)	17:10:40
isPresent	 >>>>>> (GlobalFunction.java:74)	17:10:40
click	 >>>>>> (GlobalFunction.java:74)	17:10:50
embedScreenshot	 >>>>>> (GlobalFunction.java:74)	17:10:50
Thread Local getDrive()	 >>>>>> (DriverHandler.java:87)	17:10:50
waitForElement	 >>>>>> (GlobalFunction.java:74)	17:11:1
isPresent	 >>>>>> (GlobalFunction.java:74)	17:11:1
isPresent	 >>>>>> (GlobalFunction.java:74)	17:11:1
click	 >>>>>> (GlobalFunction.java:74)	17:11:1
embedScreenshot	 >>>>>> (GlobalFunction.java:74)	17:11:1
Thread Local getDrive()	 >>>>>> (DriverHandler.java:87)	17:11:1
waitForElement	 >>>>>> (GlobalFunction.java:74)	17:11:2
isPresent	 >>>>>> (GlobalFunction.java:74)	17:11:2
1
isPresent	 >>>>>> (GlobalFunction.java:74)	17:11:4
isPresent	 >>>>>> (GlobalFunction.java:74)	17:11:4
click	 >>>>>> (GlobalFunction.java:74)	17:11:4
waitForElement	 >>>>>> (GlobalFunction.java:74)	17:11:4
isPresent	 >>>>>> (GlobalFunction.java:74)	17:11:4
isPresent	 >>>>>> (GlobalFunction.java:74)	17:11:4
forceClick	 >>>>>> (GlobalFunction.java:74)	17:11:5
embedScreenshot	 >>>>>> (GlobalFunction.java:74)	17:11:5
Thread Local getDrive()	 >>>>>> (DriverHandler.java:87)	17:11:5
waitForElement	 >>>>>> (GlobalFunction.java:74)	17:11:9
isPresent	 >>>>>> (GlobalFunction.java:74)	17:11:9
isPresent	 >>>>>> (GlobalFunction.java:74)	17:11:9
click	 >>>>>> (GlobalFunction.java:74)	17:11:9
waitForElement	 >>>>>> (GlobalFunction.java:74)	17:11:10
isPresent	 >>>>>> (GlobalFunction.java:74)	17:11:10
isPresent	 >>>>>> (GlobalFunction.java:74)	17:11:10
click	 >>>>>> (GlobalFunction.java:74)	17:11:10
embedScreenshot	 >>>>>> (GlobalFunction.java:74)	17:11:10
Thread Local getDrive()	 >>>>>> (DriverHandler.java:87)	17:11:10
1 row(s) affected	 >>>>>> (Connection.java:73)	17:11:10
1 row(s) affected	 >>>>>> (Connection.java:73)	17:11:10
1 row(s) affected	 >>>>>> (Connection.java:73)	17:11:10
[INFO]	 Attempt 1 of 1 to execute  [PASSED]	 >>>>>> (ActiveTransactionScopeBuilder.java:38)	17:11:10
Feature :	ActiveTransactionScopeBuilder	 >>>>>> (ActiveTransactionScopeBuilder.java:60)	17:11:10
Scenario :	Verify user able add common packed service to the bundle	 >>>>>> (ActiveTransactionScopeBuilder.java:61)	17:11:10
DataSetName :	ScopeBuilder
	 >>>>>> (ActiveTransactionScopeBuilder.java:62)	17:11:10
]]></system-out>
    <system-err><![CDATA[ERROR StatusLogger No log4j2 configuration file found. Using default configuration: logging only errors to the console.
972 [TestNG-tests-2] INFO io.github.bonigarcia.wdm.WebDriverManager - Using chromedriver 122.0.6261.128 (resolved driver for Chrome 122)
991 [TestNG-tests-2] INFO io.github.bonigarcia.wdm.WebDriverManager - Exporting webdriver.chrome.driver as C:\Users\vs106039\.cache\selenium\chromedriver\win64\122.0.6261.128\chromedriver.exe
Starting ChromeDriver 122.0.6261.128 (f18a44fedeb29764b2b5336c120fdd90ef1a3f5c-refs/branch-heads/6261@{#1057}) on port 17816
Only local connections are allowed.
Please see https://chromedriver.chromium.org/security-considerations for suggestions on keeping ChromeDriver safe.
ChromeDriver was started successfully.
Mar 18, 2024 5:10:14 PM org.openqa.selenium.remote.ProtocolHandshake createSession
INFO: Detected dialect: W3C
]]></system-err>
  </testcase>
  <testcase name="feature[com.zensar.scriptutils.PickleWrapper@2de1d2c1](2)" classname="com.zensar.runner.ActiveTransactionScopeBuilder" time="58.057">
    <system-out><![CDATA[[INFO]	 Attempt 1 of 1 to execute 	 >>>>>> (ActiveTransactionScopeBuilder.java:35)	17:11:10
Feature :	ActiveTransactionScopeBuilder	 >>>>>> (ActiveTransactionScopeBuilder.java:60)	17:11:10
Scenario :	Verify user able add FA to the Scope Bundle	 >>>>>> (ActiveTransactionScopeBuilder.java:61)	17:11:10
DataSetName :	ScopeBuilder
	 >>>>>> (ActiveTransactionScopeBuilder.java:62)	17:11:10
SCENARIO STATE Init	 >>>>>> (Hooks.java:24)	17:11:10
Thread Local getDrive()	 >>>>>> (DriverHandler.java:87)	17:11:12
3 columns(s) affected	 >>>>>> (Connection.java:93)	17:11:12
1 row(s) affected	 >>>>>> (Connection.java:73)	17:11:12
1 row(s) affected	 >>>>>> (Connection.java:73)	17:11:12
1 row(s) affected	 >>>>>> (Connection.java:73)	17:11:12
BROWSER STACK SESSION : 	 >>>>>> (OutputSheetLogger.java:174)	17:11:12
Thread Local getDrive()	 >>>>>> (DriverHandler.java:87)	17:11:12
601f4b29168d293c5336dabadd6a019e	 >>>>>> (OutputSheetLogger.java:175)	17:11:12
Entered try in open	 >>>>>> (IsgLandingPage.java:145)	17:11:12
embedScreenshot	 >>>>>> (GlobalFunction.java:74)	17:11:18
highlightElement	 >>>>>> (GlobalFunction.java:74)	17:11:18
Thread Local getDrive()	 >>>>>> (DriverHandler.java:87)	17:11:18
unHighlightElement	 >>>>>> (GlobalFunction.java:74)	17:11:18
forceClick	 >>>>>> (GlobalFunction.java:74)	17:11:18
Clicked Login	 >>>>>> (IsgLandingPage.java:179)	17:11:19
username : NGS3@isg-one.com	 >>>>>> (IsgLandingPage.java:181)	17:11:22
password : T|2txZ>UJs	 >>>>>> (IsgLandingPage.java:183)	17:11:22
embedScreenshot	 >>>>>> (GlobalFunction.java:74)	17:11:22
highlightElement	 >>>>>> (GlobalFunction.java:74)	17:11:22
Thread Local getDrive()	 >>>>>> (DriverHandler.java:87)	17:11:22
unHighlightElement	 >>>>>> (GlobalFunction.java:74)	17:11:23
click	 >>>>>> (GlobalFunction.java:74)	17:11:23
isPresent	 >>>>>> (GlobalFunction.java:74)	17:11:23
Thread Local getDrive()	 >>>>>> (DriverHandler.java:87)	17:11:23
Thread Local getDrive()	 >>>>>> (DriverHandler.java:87)	17:11:23
Thread Local getDrive()	 >>>>>> (DriverHandler.java:87)	17:11:23
isPresent	 >>>>>> (GlobalFunction.java:74)	17:11:23
waitForElementClickabality	 >>>>>> (GlobalFunction.java:74)	17:11:24
getText	 >>>>>> (GlobalFunction.java:74)	17:11:38
Number of Active Transaction: Active transactions (2)	 >>>>>> (ProjectContact.java:118)	17:11:38
embedScreenshot	 >>>>>> (GlobalFunction.java:74)	17:11:38
Thread Local getDrive()	 >>>>>> (DriverHandler.java:87)	17:11:38
zAssertTrue	 >>>>>> (GlobalFunction.java:74)	17:11:38
waitForElement	 >>>>>> (GlobalFunction.java:74)	17:11:38
isPresent	 >>>>>> (GlobalFunction.java:74)	17:11:38
isPresent	 >>>>>> (GlobalFunction.java:74)	17:11:38
click	 >>>>>> (GlobalFunction.java:74)	17:11:48
embedScreenshot	 >>>>>> (GlobalFunction.java:74)	17:11:48
Thread Local getDrive()	 >>>>>> (DriverHandler.java:87)	17:11:48
waitForElement	 >>>>>> (GlobalFunction.java:74)	17:11:58
isPresent	 >>>>>> (GlobalFunction.java:74)	17:11:58
isPresent	 >>>>>> (GlobalFunction.java:74)	17:11:59
click	 >>>>>> (GlobalFunction.java:74)	17:11:59
embedScreenshot	 >>>>>> (GlobalFunction.java:74)	17:11:59
Thread Local getDrive()	 >>>>>> (DriverHandler.java:87)	17:11:59
waitForElement	 >>>>>> (GlobalFunction.java:74)	17:12:3
isPresent	 >>>>>> (GlobalFunction.java:74)	17:12:3
isPresent	 >>>>>> (GlobalFunction.java:74)	17:12:3
click	 >>>>>> (GlobalFunction.java:74)	17:12:3
embedScreenshot	 >>>>>> (GlobalFunction.java:74)	17:12:3
Thread Local getDrive()	 >>>>>> (DriverHandler.java:87)	17:12:3
waitForElement	 >>>>>> (GlobalFunction.java:74)	17:12:7
isPresent	 >>>>>> (GlobalFunction.java:74)	17:12:7
isPresent	 >>>>>> (GlobalFunction.java:74)	17:12:7
click	 >>>>>> (GlobalFunction.java:74)	17:12:7
waitForElement	 >>>>>> (GlobalFunction.java:74)	17:12:8
isPresent	 >>>>>> (GlobalFunction.java:74)	17:12:8
isPresent	 >>>>>> (GlobalFunction.java:74)	17:12:8
click	 >>>>>> (GlobalFunction.java:74)	17:12:8
embedScreenshot	 >>>>>> (GlobalFunction.java:74)	17:12:8
Thread Local getDrive()	 >>>>>> (DriverHandler.java:87)	17:12:8
1 row(s) affected	 >>>>>> (Connection.java:73)	17:12:8
1 row(s) affected	 >>>>>> (Connection.java:73)	17:12:8
1 row(s) affected	 >>>>>> (Connection.java:73)	17:12:8
[INFO]	 Attempt 1 of 1 to execute  [PASSED]	 >>>>>> (ActiveTransactionScopeBuilder.java:38)	17:12:8
Feature :	ActiveTransactionScopeBuilder	 >>>>>> (ActiveTransactionScopeBuilder.java:60)	17:12:8
Scenario :	Verify user able add FA to the Scope Bundle	 >>>>>> (ActiveTransactionScopeBuilder.java:61)	17:12:8
DataSetName :	ScopeBuilder
	 >>>>>> (ActiveTransactionScopeBuilder.java:62)	17:12:8
]]></system-out>
    <system-err><![CDATA[59065 [TestNG-tests-2] INFO io.github.bonigarcia.wdm.WebDriverManager - Using chromedriver 122.0.6261.128 (resolved driver for Chrome 122)
59076 [TestNG-tests-2] INFO io.github.bonigarcia.wdm.WebDriverManager - Exporting webdriver.chrome.driver as C:\Users\vs106039\.cache\selenium\chromedriver\win64\122.0.6261.128\chromedriver.exe
Starting ChromeDriver 122.0.6261.128 (f18a44fedeb29764b2b5336c120fdd90ef1a3f5c-refs/branch-heads/6261@{#1057}) on port 37928
Only local connections are allowed.
Please see https://chromedriver.chromium.org/security-considerations for suggestions on keeping ChromeDriver safe.
ChromeDriver was started successfully.
Mar 18, 2024 5:11:12 PM org.openqa.selenium.remote.ProtocolHandshake createSession
INFO: Detected dialect: W3C
]]></system-err>
  </testcase>
  <testcase name="feature[com.zensar.scriptutils.PickleWrapper@6e44b970](3)" classname="com.zensar.runner.ActiveTransactionScopeBuilder" time="63.788">
    <system-out><![CDATA[[INFO]	 Attempt 1 of 1 to execute 	 >>>>>> (ActiveTransactionScopeBuilder.java:35)	17:12:8
Feature :	ActiveTransactionScopeBuilder	 >>>>>> (ActiveTransactionScopeBuilder.java:60)	17:12:8
Scenario :	Verify user able remove one services from selected FA to the Scope Bundle	 >>>>>> (ActiveTransactionScopeBuilder.java:61)	17:12:8
DataSetName :	ScopeBuilder
	 >>>>>> (ActiveTransactionScopeBuilder.java:62)	17:12:8
SCENARIO STATE Init	 >>>>>> (Hooks.java:24)	17:12:8
Thread Local getDrive()	 >>>>>> (DriverHandler.java:87)	17:12:10
3 columns(s) affected	 >>>>>> (Connection.java:93)	17:12:10
1 row(s) affected	 >>>>>> (Connection.java:73)	17:12:10
1 row(s) affected	 >>>>>> (Connection.java:73)	17:12:10
1 row(s) affected	 >>>>>> (Connection.java:73)	17:12:10
BROWSER STACK SESSION : 	 >>>>>> (OutputSheetLogger.java:174)	17:12:10
Thread Local getDrive()	 >>>>>> (DriverHandler.java:87)	17:12:10
978ffea7ba36ab5bd10c93caa673f677	 >>>>>> (OutputSheetLogger.java:175)	17:12:10
Entered try in open	 >>>>>> (IsgLandingPage.java:145)	17:12:10
embedScreenshot	 >>>>>> (GlobalFunction.java:74)	17:12:15
highlightElement	 >>>>>> (GlobalFunction.java:74)	17:12:15
Thread Local getDrive()	 >>>>>> (DriverHandler.java:87)	17:12:15
unHighlightElement	 >>>>>> (GlobalFunction.java:74)	17:12:15
forceClick	 >>>>>> (GlobalFunction.java:74)	17:12:15
Clicked Login	 >>>>>> (IsgLandingPage.java:179)	17:12:16
username : NGS3@isg-one.com	 >>>>>> (IsgLandingPage.java:181)	17:12:20
password : T|2txZ>UJs	 >>>>>> (IsgLandingPage.java:183)	17:12:20
embedScreenshot	 >>>>>> (GlobalFunction.java:74)	17:12:20
highlightElement	 >>>>>> (GlobalFunction.java:74)	17:12:20
Thread Local getDrive()	 >>>>>> (DriverHandler.java:87)	17:12:20
unHighlightElement	 >>>>>> (GlobalFunction.java:74)	17:12:20
click	 >>>>>> (GlobalFunction.java:74)	17:12:20
isPresent	 >>>>>> (GlobalFunction.java:74)	17:12:20
Thread Local getDrive()	 >>>>>> (DriverHandler.java:87)	17:12:20
Thread Local getDrive()	 >>>>>> (DriverHandler.java:87)	17:12:20
Thread Local getDrive()	 >>>>>> (DriverHandler.java:87)	17:12:20
isPresent	 >>>>>> (GlobalFunction.java:74)	17:12:20
waitForElementClickabality	 >>>>>> (GlobalFunction.java:74)	17:12:21
getText	 >>>>>> (GlobalFunction.java:74)	17:12:36
Number of Active Transaction: Active transactions (2)	 >>>>>> (ProjectContact.java:118)	17:12:36
embedScreenshot	 >>>>>> (GlobalFunction.java:74)	17:12:36
Thread Local getDrive()	 >>>>>> (DriverHandler.java:87)	17:12:36
zAssertTrue	 >>>>>> (GlobalFunction.java:74)	17:12:36
waitForElement	 >>>>>> (GlobalFunction.java:74)	17:12:36
isPresent	 >>>>>> (GlobalFunction.java:74)	17:12:36
isPresent	 >>>>>> (GlobalFunction.java:74)	17:12:36
click	 >>>>>> (GlobalFunction.java:74)	17:12:46
embedScreenshot	 >>>>>> (GlobalFunction.java:74)	17:12:46
Thread Local getDrive()	 >>>>>> (DriverHandler.java:87)	17:12:46
waitForElement	 >>>>>> (GlobalFunction.java:74)	17:12:56
isPresent	 >>>>>> (GlobalFunction.java:74)	17:12:56
isPresent	 >>>>>> (GlobalFunction.java:74)	17:12:56
click	 >>>>>> (GlobalFunction.java:74)	17:12:56
embedScreenshot	 >>>>>> (GlobalFunction.java:74)	17:12:57
Thread Local getDrive()	 >>>>>> (DriverHandler.java:87)	17:12:57
waitForElement	 >>>>>> (GlobalFunction.java:74)	17:13:7
isPresent	 >>>>>> (GlobalFunction.java:74)	17:13:7
isPresent	 >>>>>> (GlobalFunction.java:74)	17:13:7
click	 >>>>>> (GlobalFunction.java:74)	17:13:7
waitForElement	 >>>>>> (GlobalFunction.java:74)	17:13:11
isPresent	 >>>>>> (GlobalFunction.java:74)	17:13:11
isPresent	 >>>>>> (GlobalFunction.java:74)	17:13:11
click	 >>>>>> (GlobalFunction.java:74)	17:13:11
waitForElement	 >>>>>> (GlobalFunction.java:74)	17:13:11
isPresent	 >>>>>> (GlobalFunction.java:74)	17:13:11
isPresent	 >>>>>> (GlobalFunction.java:74)	17:13:11
click	 >>>>>> (GlobalFunction.java:74)	17:13:12
embedScreenshot	 >>>>>> (GlobalFunction.java:74)	17:13:12
Thread Local getDrive()	 >>>>>> (DriverHandler.java:87)	17:13:12
1 row(s) affected	 >>>>>> (Connection.java:73)	17:13:12
1 row(s) affected	 >>>>>> (Connection.java:73)	17:13:12
1 row(s) affected	 >>>>>> (Connection.java:73)	17:13:12
[INFO]	 Attempt 1 of 1 to execute  [PASSED]	 >>>>>> (ActiveTransactionScopeBuilder.java:38)	17:13:12
Feature :	ActiveTransactionScopeBuilder	 >>>>>> (ActiveTransactionScopeBuilder.java:60)	17:13:12
Scenario :	Verify user able remove one services from selected FA to the Scope Bundle	 >>>>>> (ActiveTransactionScopeBuilder.java:61)	17:13:12
DataSetName :	ScopeBuilder
	 >>>>>> (ActiveTransactionScopeBuilder.java:62)	17:13:12
]]></system-out>
    <system-err><![CDATA[117125 [TestNG-tests-2] INFO io.github.bonigarcia.wdm.WebDriverManager - Using chromedriver 122.0.6261.128 (resolved driver for Chrome 122)
117141 [TestNG-tests-2] INFO io.github.bonigarcia.wdm.WebDriverManager - Exporting webdriver.chrome.driver as C:\Users\vs106039\.cache\selenium\chromedriver\win64\122.0.6261.128\chromedriver.exe
Starting ChromeDriver 122.0.6261.128 (f18a44fedeb29764b2b5336c120fdd90ef1a3f5c-refs/branch-heads/6261@{#1057}) on port 33244
Only local connections are allowed.
Please see https://chromedriver.chromium.org/security-considerations for suggestions on keeping ChromeDriver safe.
ChromeDriver was started successfully.
Mar 18, 2024 5:12:10 PM org.openqa.selenium.remote.ProtocolHandshake createSession
INFO: Detected dialect: W3C
]]></system-err>
  </testcase>
  <testcase name="feature[com.zensar.scriptutils.PickleWrapper@496c82f](4)" classname="com.zensar.runner.ActiveTransactionScopeBuilder" time="65.177">
    <system-out><![CDATA[[INFO]	 Attempt 1 of 1 to execute 	 >>>>>> (ActiveTransactionScopeBuilder.java:35)	17:13:12
Feature :	ActiveTransactionScopeBuilder	 >>>>>> (ActiveTransactionScopeBuilder.java:60)	17:13:12
Scenario :	Verify user able remove one Process from selected FA to the Scope Bundle	 >>>>>> (ActiveTransactionScopeBuilder.java:61)	17:13:12
DataSetName :	ScopeBuilder
	 >>>>>> (ActiveTransactionScopeBuilder.java:62)	17:13:12
SCENARIO STATE Init	 >>>>>> (Hooks.java:24)	17:13:12
Thread Local getDrive()	 >>>>>> (DriverHandler.java:87)	17:13:14
3 columns(s) affected	 >>>>>> (Connection.java:93)	17:13:14
1 row(s) affected	 >>>>>> (Connection.java:73)	17:13:14
1 row(s) affected	 >>>>>> (Connection.java:73)	17:13:14
1 row(s) affected	 >>>>>> (Connection.java:73)	17:13:14
BROWSER STACK SESSION : 	 >>>>>> (OutputSheetLogger.java:174)	17:13:14
Thread Local getDrive()	 >>>>>> (DriverHandler.java:87)	17:13:14
d9b7115b12af33edc988569988cd1dbc	 >>>>>> (OutputSheetLogger.java:175)	17:13:14
Entered try in open	 >>>>>> (IsgLandingPage.java:145)	17:13:14
embedScreenshot	 >>>>>> (GlobalFunction.java:74)	17:13:20
highlightElement	 >>>>>> (GlobalFunction.java:74)	17:13:20
Thread Local getDrive()	 >>>>>> (DriverHandler.java:87)	17:13:20
unHighlightElement	 >>>>>> (GlobalFunction.java:74)	17:13:20
forceClick	 >>>>>> (GlobalFunction.java:74)	17:13:20
Clicked Login	 >>>>>> (IsgLandingPage.java:179)	17:13:22
username : NGS3@isg-one.com	 >>>>>> (IsgLandingPage.java:181)	17:13:25
password : T|2txZ>UJs	 >>>>>> (IsgLandingPage.java:183)	17:13:25
embedScreenshot	 >>>>>> (GlobalFunction.java:74)	17:13:25
highlightElement	 >>>>>> (GlobalFunction.java:74)	17:13:25
Thread Local getDrive()	 >>>>>> (DriverHandler.java:87)	17:13:25
unHighlightElement	 >>>>>> (GlobalFunction.java:74)	17:13:25
click	 >>>>>> (GlobalFunction.java:74)	17:13:25
isPresent	 >>>>>> (GlobalFunction.java:74)	17:13:25
Thread Local getDrive()	 >>>>>> (DriverHandler.java:87)	17:13:25
Thread Local getDrive()	 >>>>>> (DriverHandler.java:87)	17:13:25
Thread Local getDrive()	 >>>>>> (DriverHandler.java:87)	17:13:25
isPresent	 >>>>>> (GlobalFunction.java:74)	17:13:25
waitForElementClickabality	 >>>>>> (GlobalFunction.java:74)	17:13:26
getText	 >>>>>> (GlobalFunction.java:74)	17:13:41
Number of Active Transaction: Active transactions (2)	 >>>>>> (ProjectContact.java:118)	17:13:41
embedScreenshot	 >>>>>> (GlobalFunction.java:74)	17:13:41
Thread Local getDrive()	 >>>>>> (DriverHandler.java:87)	17:13:41
zAssertTrue	 >>>>>> (GlobalFunction.java:74)	17:13:41
waitForElement	 >>>>>> (GlobalFunction.java:74)	17:13:41
isPresent	 >>>>>> (GlobalFunction.java:74)	17:13:41
isPresent	 >>>>>> (GlobalFunction.java:74)	17:13:41
click	 >>>>>> (GlobalFunction.java:74)	17:13:51
embedScreenshot	 >>>>>> (GlobalFunction.java:74)	17:13:51
Thread Local getDrive()	 >>>>>> (DriverHandler.java:87)	17:13:51
waitForElement	 >>>>>> (GlobalFunction.java:74)	17:14:1
isPresent	 >>>>>> (GlobalFunction.java:74)	17:14:1
isPresent	 >>>>>> (GlobalFunction.java:74)	17:14:2
click	 >>>>>> (GlobalFunction.java:74)	17:14:2
embedScreenshot	 >>>>>> (GlobalFunction.java:74)	17:14:2
Thread Local getDrive()	 >>>>>> (DriverHandler.java:87)	17:14:2
waitForElement	 >>>>>> (GlobalFunction.java:74)	17:14:12
isPresent	 >>>>>> (GlobalFunction.java:74)	17:14:12
isPresent	 >>>>>> (GlobalFunction.java:74)	17:14:12
click	 >>>>>> (GlobalFunction.java:74)	17:14:12
embedScreenshot	 >>>>>> (GlobalFunction.java:74)	17:14:12
Thread Local getDrive()	 >>>>>> (DriverHandler.java:87)	17:14:12
waitForElement	 >>>>>> (GlobalFunction.java:74)	17:14:16
isPresent	 >>>>>> (GlobalFunction.java:74)	17:14:16
isPresent	 >>>>>> (GlobalFunction.java:74)	17:14:16
click	 >>>>>> (GlobalFunction.java:74)	17:14:16
waitForElement	 >>>>>> (GlobalFunction.java:74)	17:14:17
isPresent	 >>>>>> (GlobalFunction.java:74)	17:14:17
isPresent	 >>>>>> (GlobalFunction.java:74)	17:14:17
click	 >>>>>> (GlobalFunction.java:74)	17:14:17
embedScreenshot	 >>>>>> (GlobalFunction.java:74)	17:14:17
Thread Local getDrive()	 >>>>>> (DriverHandler.java:87)	17:14:17
1 row(s) affected	 >>>>>> (Connection.java:73)	17:14:17
1 row(s) affected	 >>>>>> (Connection.java:73)	17:14:17
1 row(s) affected	 >>>>>> (Connection.java:73)	17:14:17
[INFO]	 Attempt 1 of 1 to execute  [PASSED]	 >>>>>> (ActiveTransactionScopeBuilder.java:38)	17:14:17
Feature :	ActiveTransactionScopeBuilder	 >>>>>> (ActiveTransactionScopeBuilder.java:60)	17:14:17
Scenario :	Verify user able remove one Process from selected FA to the Scope Bundle	 >>>>>> (ActiveTransactionScopeBuilder.java:61)	17:14:17
DataSetName :	ScopeBuilder
	 >>>>>> (ActiveTransactionScopeBuilder.java:62)	17:14:17
]]></system-out>
    <system-err><![CDATA[180916 [TestNG-tests-2] INFO io.github.bonigarcia.wdm.WebDriverManager - Using chromedriver 122.0.6261.128 (resolved driver for Chrome 122)
180924 [TestNG-tests-2] INFO io.github.bonigarcia.wdm.WebDriverManager - Exporting webdriver.chrome.driver as C:\Users\vs106039\.cache\selenium\chromedriver\win64\122.0.6261.128\chromedriver.exe
Starting ChromeDriver 122.0.6261.128 (f18a44fedeb29764b2b5336c120fdd90ef1a3f5c-refs/branch-heads/6261@{#1057}) on port 17342
Only local connections are allowed.
Please see https://chromedriver.chromium.org/security-considerations for suggestions on keeping ChromeDriver safe.
ChromeDriver was started successfully.
Mar 18, 2024 5:13:14 PM org.openqa.selenium.remote.ProtocolHandshake createSession
INFO: Detected dialect: W3C
]]></system-err>
  </testcase>
</testsuite>