<?xml version="1.0" encoding="UTF-8"?>
<!-- Generated by org.testng.reporters.JUnitXMLReporter -->
<testsuite hostname="EUROW42SLPC5721" ignored="0" name="Runner 12" tests="4" failures="0" timestamp="18 Mar 2024 11:44:17 GMT" time="246.844" errors="0">
  <testcase name="feature" time="59.431" classname="com.zensar.runner.ActiveTransactionScopeBuilder"/>
  <testcase name="feature" time="58.059" classname="com.zensar.runner.ActiveTransactionScopeBuilder"/>
  <testcase name="feature" time="63.79" classname="com.zensar.runner.ActiveTransactionScopeBuilder"/>
  <testcase name="feature" time="65.179" classname="com.zensar.runner.ActiveTransactionScopeBuilder"/>
</testsuite> <!-- Runner 12 -->
